[0.028s] Invoking command in '/home/pablo-pc/GITHUB/TFG/project_ws/build/mapping_controller': CMAKE_PREFIX_PATH=/home/pablo-pc/GITHUB/TFG/project_ws/install/bonxai_wrapper:/home/pablo-pc/GITHUB/TFG/project_ws/install/mapping_controller:/home/pablo-pc/GITHUB/TFG/project_ws/install/location_controller:/opt/ros/humble /usr/bin/cmake --build /home/pablo-pc/GITHUB/TFG/project_ws/build/mapping_controller -- -j16 -l16
[0.136s] [35m[1mConsolidate compiler generated dependencies of target mapping_node[0m
[0.202s] [ 50%] [32mBuilding CXX object CMakeFiles/mapping_node.dir/src/mapping_node.cpp.o[0m
[8.072s] [01m[K/home/pablo-pc/GITHUB/TFG/project_ws/src/mapping_controller/src/mapping_node.cpp:[m[K In member function â€˜[01m[Kvoid MappingNode::transformCallback(geometry_msgs::msg::TransformStamped_<std::allocator<void> >::SharedPtr)[m[Kâ€™:
[8.072s] [01m[K/home/pablo-pc/GITHUB/TFG/project_ws/src/mapping_controller/src/mapping_node.cpp:47:52:[m[K [01;31m[Kerror: [m[Kâ€˜[01m[Klatest_transform_[m[Kâ€™ was not declared in this scope
[8.072s]    47 |     if (bonxai_server_ && msg->header.stamp.sec == [01;31m[Klatest_transform_[m[K->header.stamp.sec) {
[8.073s]       |                                                    [01;31m[K^~~~~~~~~~~~~~~~~[m[K
[12.664s] gmake[2]: *** [CMakeFiles/mapping_node.dir/build.make:76: CMakeFiles/mapping_node.dir/src/mapping_node.cpp.o] Error 1
[12.665s] gmake[1]: *** [CMakeFiles/Makefile2:137: CMakeFiles/mapping_node.dir/all] Error 2
[12.665s] gmake: *** [Makefile:146: all] Error 2
[12.667s] Invoked command in '/home/pablo-pc/GITHUB/TFG/project_ws/build/mapping_controller' returned '2': CMAKE_PREFIX_PATH=/home/pablo-pc/GITHUB/TFG/project_ws/install/bonxai_wrapper:/home/pablo-pc/GITHUB/TFG/project_ws/install/mapping_controller:/home/pablo-pc/GITHUB/TFG/project_ws/install/location_controller:/opt/ros/humble /usr/bin/cmake --build /home/pablo-pc/GITHUB/TFG/project_ws/build/mapping_controller -- -j16 -l16
